2022-01-13 08:08:37.049 [INFO] c.p.d.s.DeviceSimulatorServiceApplication - Starting DeviceSimulatorServiceApplication using Java 11.0.12 on DESKTOP-DD08MLM with PID 6576 (F:\pct\ms2\pct-device-simulator-service\target\classes started by sarve in F:\pct\ms2\pct-device-simulator-service)
2022-01-13 08:08:37.082 [DEBUG] c.p.d.s.DeviceSimulatorServiceApplication - Running with Spring Boot v2.5.4, Spring v5.3.9
2022-01-13 08:08:37.083 [INFO] c.p.d.s.DeviceSimulatorServiceApplication - No active profile set, falling back to default profiles: default
2022-01-13 08:08:41.064 [INFO] o.s.b.w.e.tomcat.TomcatWebServer - Tomcat initialized with port(s): 8082 (http)
2022-01-13 08:08:41.114 [INFO] o.a.coyote.http11.Http11NioProtocol - Initializing ProtocolHandler ["http-nio-8082"]
2022-01-13 08:08:41.121 [INFO] o.a.catalina.core.StandardService - Starting service [Tomcat]
2022-01-13 08:08:41.127 [INFO] o.a.catalina.core.StandardEngine - Starting Servlet engine: [Apache Tomcat/9.0.52]
2022-01-13 08:08:41.717 [INFO] o.a.c.c.C.[Tomcat].[localhost].[/] - Initializing Spring embedded WebApplicationContext
2022-01-13 08:08:41.723 [INFO] o.s.b.w.s.c.ServletWebServerApplicationContext - Root WebApplicationContext: initialization completed in 4468 ms
2022-01-13 08:08:42.222 [INFO] o.s.b.f.a.AutowiredAnnotationBeanPostProcessor - Autowired annotation is not supported on static fields: private static java.lang.String com.pct.device.simulator.SocketObject.serverIP
2022-01-13 08:08:42.223 [INFO] o.s.b.f.a.AutowiredAnnotationBeanPostProcessor - Autowired annotation is not supported on static fields: private static int com.pct.device.simulator.SocketObject.serverPort
2022-01-13 08:08:42.304 [INFO] c.p.d.s.util.DeviceSimulator - Inside thread
2022-01-13 08:08:44.209 [INFO] o.a.coyote.http11.Http11NioProtocol - Starting ProtocolHandler ["http-nio-8082"]
2022-01-13 08:08:44.272 [INFO] o.s.b.w.e.tomcat.TomcatWebServer - Tomcat started on port(s): 8082 (http) with context path ''
2022-01-13 08:08:44.300 [INFO] c.p.d.s.DeviceSimulatorServiceApplication - Started DeviceSimulatorServiceApplication in 9.528 seconds (JVM running for 10.822)
2022-01-13 08:21:56.713 [INFO] o.a.c.c.C.[Tomcat].[localhost].[/] - Initializing Spring DispatcherServlet 'dispatcherServlet'
2022-01-13 08:21:56.714 [INFO] o.s.web.servlet.DispatcherServlet - Initializing Servlet 'dispatcherServlet'
2022-01-13 08:21:56.719 [INFO] o.s.web.servlet.DispatcherServlet - Completed initialization in 4 ms
2022-01-13 08:21:56.827 [WARN] o.s.w.s.m.s.DefaultHandlerExceptionResolver - Resolved [org.springframework.web.bind.MissingServletRequestParameterException: Required request parameter 'waitPeriod' for method parameter type int is not present]
2022-01-13 08:22:22.549 [WARN] o.s.w.s.m.s.DefaultHandlerExceptionResolver - Resolved [org.springframework.web.method.annotation.MethodArgumentTypeMismatchException: Failed to convert value of type 'java.lang.String' to required type 'int'; nested exception is java.lang.NumberFormatException: For input string: ""]
2022-01-13 08:23:16.592 [WARN] o.s.w.s.m.s.DefaultHandlerExceptionResolver - Resolved [org.springframework.web.method.annotation.MethodArgumentTypeMismatchException: Failed to convert value of type 'java.lang.String' to required type 'int'; nested exception is java.lang.NumberFormatException: For input string: ""]
2022-01-13 08:23:24.590 [WARN] o.s.w.s.m.s.DefaultHandlerExceptionResolver - Resolved [org.springframework.web.method.annotation.MethodArgumentTypeMismatchException: Failed to convert value of type 'java.lang.String' to required type 'int'; nested exception is java.lang.NumberFormatException: For input string: ""]
2022-01-13 08:24:01.651 [INFO] c.p.d.simulator.ReportController - Packet received on Simultor
2022-01-13 08:24:01.659 [INFO] c.p.d.simulator.ReportController - Datagram packet sent to UDP Listener
2022-01-13 08:24:02.977 [INFO] c.p.d.s.util.DeviceSimulator - Acknowledgement packet received
2022-01-13 08:24:02.978 [INFO] c.p.d.s.util.DeviceSimulator - Inside thread
2022-01-13 08:24:17.667 [INFO] c.p.d.simulator.ReportController - Packet received on Simultor
2022-01-13 08:24:17.672 [INFO] c.p.d.simulator.ReportController - Datagram packet sent to UDP Listener
2022-01-13 08:24:17.708 [INFO] c.p.d.s.util.DeviceSimulator - Acknowledgement packet received
2022-01-13 08:24:17.708 [INFO] c.p.d.s.util.DeviceSimulator - Inside thread
2022-01-13 08:24:31.649 [INFO] c.p.d.simulator.ReportController - Packet received on Simultor
2022-01-13 08:24:31.655 [INFO] c.p.d.simulator.ReportController - Datagram packet sent to UDP Listener
2022-01-13 08:24:31.682 [INFO] c.p.d.s.util.DeviceSimulator - Acknowledgement packet received
2022-01-13 08:24:31.682 [INFO] c.p.d.s.util.DeviceSimulator - Inside thread
2022-01-13 08:34:26.368 [INFO] c.p.d.simulator.ReportController - Packet received on Simultor
2022-01-13 08:34:26.374 [INFO] c.p.d.simulator.ReportController - Datagram packet sent to UDP Listener
2022-01-13 08:34:27.072 [INFO] c.p.d.s.util.DeviceSimulator - Acknowledgement packet received
2022-01-13 08:34:27.072 [INFO] c.p.d.s.util.DeviceSimulator - Inside thread
2022-01-13 08:38:03.589 [INFO] c.p.d.simulator.ReportController - Packet received on Simultor
2022-01-13 08:38:03.595 [INFO] c.p.d.simulator.ReportController - Datagram packet sent to UDP Listener
2022-01-13 08:38:04.230 [INFO] c.p.d.s.util.DeviceSimulator - Acknowledgement packet received
2022-01-13 08:38:04.230 [INFO] c.p.d.s.util.DeviceSimulator - Inside thread
2022-01-13 08:41:00.902 [INFO] c.p.d.simulator.ReportController - Packet received on Simultor
2022-01-13 08:41:00.908 [INFO] c.p.d.simulator.ReportController - Datagram packet sent to UDP Listener
2022-01-13 08:41:01.478 [INFO] c.p.d.s.util.DeviceSimulator - Acknowledgement packet received
2022-01-13 08:41:01.479 [INFO] c.p.d.s.util.DeviceSimulator - Inside thread
2022-01-13 08:43:42.235 [INFO] c.p.d.simulator.ReportController - Packet received on Simultor
2022-01-13 08:43:42.240 [INFO] c.p.d.simulator.ReportController - Datagram packet sent to UDP Listener
2022-01-13 08:43:42.275 [INFO] c.p.d.s.util.DeviceSimulator - Acknowledgement packet received
2022-01-13 08:43:42.276 [INFO] c.p.d.s.util.DeviceSimulator - Inside thread
2022-01-13 08:49:13.860 [INFO] c.p.d.simulator.ReportController - Packet received on Simultor
2022-01-13 08:49:13.868 [INFO] c.p.d.simulator.ReportController - Datagram packet sent to UDP Listener
2022-01-13 08:49:14.490 [INFO] c.p.d.s.util.DeviceSimulator - Acknowledgement packet received
2022-01-13 08:49:14.491 [INFO] c.p.d.s.util.DeviceSimulator - Inside thread
2022-01-13 08:49:23.939 [INFO] c.p.d.simulator.ReportController - Packet received on Simultor
2022-01-13 08:49:23.946 [INFO] c.p.d.simulator.ReportController - Datagram packet sent to UDP Listener
2022-01-13 08:49:23.979 [INFO] c.p.d.s.util.DeviceSimulator - Acknowledgement packet received
2022-01-13 08:49:23.980 [INFO] c.p.d.s.util.DeviceSimulator - Inside thread
2022-01-13 08:49:48.124 [INFO] c.p.d.simulator.ReportController - Packet received on Simultor
2022-01-13 08:49:48.129 [INFO] c.p.d.simulator.ReportController - Datagram packet sent to UDP Listener
2022-01-13 08:49:48.165 [INFO] c.p.d.s.util.DeviceSimulator - Acknowledgement packet received
2022-01-13 08:49:48.165 [INFO] c.p.d.s.util.DeviceSimulator - Inside thread
2022-01-13 08:50:15.414 [INFO] c.p.d.simulator.ReportController - Packet received on Simultor
2022-01-13 08:50:15.418 [INFO] c.p.d.simulator.ReportController - Datagram packet sent to UDP Listener
2022-01-13 08:50:15.443 [INFO] c.p.d.s.util.DeviceSimulator - Acknowledgement packet received
2022-01-13 08:50:15.445 [INFO] c.p.d.s.util.DeviceSimulator - Inside thread
2022-01-13 08:52:33.423 [INFO] c.p.d.simulator.ReportController - Packet received on Simultor
2022-01-13 08:52:33.429 [INFO] c.p.d.simulator.ReportController - Datagram packet sent to UDP Listener
2022-01-13 08:52:34.049 [INFO] c.p.d.s.util.DeviceSimulator - Acknowledgement packet received
2022-01-13 08:52:34.050 [INFO] c.p.d.s.util.DeviceSimulator - Inside thread
2022-01-13 08:55:38.768 [INFO] c.p.d.simulator.ReportController - Packet received on Simultor
2022-01-13 08:55:38.774 [INFO] c.p.d.simulator.ReportController - Datagram packet sent to UDP Listener
2022-01-13 08:55:39.313 [INFO] c.p.d.s.util.DeviceSimulator - Acknowledgement packet received
2022-01-13 08:55:39.314 [INFO] c.p.d.s.util.DeviceSimulator - Inside thread
2022-01-13 08:55:56.193 [INFO] c.p.d.simulator.ReportController - Packet received on Simultor
2022-01-13 08:55:56.209 [INFO] c.p.d.simulator.ReportController - Datagram packet sent to UDP Listener
2022-01-13 08:55:56.239 [INFO] c.p.d.s.util.DeviceSimulator - Acknowledgement packet received
2022-01-13 08:55:56.239 [INFO] c.p.d.s.util.DeviceSimulator - Inside thread
2022-01-13 09:00:57.453 [INFO] c.p.d.simulator.ReportController - Packet received on Simultor
2022-01-13 09:00:57.458 [INFO] c.p.d.simulator.ReportController - Datagram packet sent to UDP Listener
2022-01-13 09:00:58.006 [INFO] c.p.d.s.util.DeviceSimulator - Acknowledgement packet received
2022-01-13 09:00:58.006 [INFO] c.p.d.s.util.DeviceSimulator - Inside thread
2022-01-13 09:01:19.343 [INFO] c.p.d.simulator.ReportController - Packet received on Simultor
2022-01-13 09:01:19.353 [INFO] c.p.d.simulator.ReportController - Datagram packet sent to UDP Listener
2022-01-13 09:01:19.409 [INFO] c.p.d.s.util.DeviceSimulator - Acknowledgement packet received
2022-01-13 09:01:19.409 [INFO] c.p.d.s.util.DeviceSimulator - Inside thread
2022-01-13 09:33:40.367 [INFO] c.p.d.simulator.ReportController - Packet received on Simultor
2022-01-13 09:33:40.372 [INFO] c.p.d.simulator.ReportController - Datagram packet sent to UDP Listener
2022-01-13 09:33:40.456 [INFO] c.p.d.s.util.DeviceSimulator - Acknowledgement packet received
2022-01-13 09:33:40.457 [INFO] c.p.d.s.util.DeviceSimulator - Inside thread
2022-01-13 09:33:46.656 [INFO] c.p.d.simulator.ReportController - Packet received on Simultor
2022-01-13 09:33:46.661 [INFO] c.p.d.simulator.ReportController - Datagram packet sent to UDP Listener
2022-01-13 09:33:46.680 [INFO] c.p.d.s.util.DeviceSimulator - Acknowledgement packet received
2022-01-13 09:33:46.681 [INFO] c.p.d.s.util.DeviceSimulator - Inside thread
2022-01-13 09:33:58.185 [INFO] c.p.d.simulator.ReportController - Packet received on Simultor
2022-01-13 09:33:58.190 [INFO] c.p.d.simulator.ReportController - Datagram packet sent to UDP Listener
2022-01-13 09:33:58.212 [INFO] c.p.d.s.util.DeviceSimulator - Acknowledgement packet received
2022-01-13 09:33:58.213 [INFO] c.p.d.s.util.DeviceSimulator - Inside thread
2022-01-13 09:35:24.603 [INFO] c.p.d.simulator.ReportController - Packet received on Simultor
2022-01-13 09:35:24.609 [INFO] c.p.d.simulator.ReportController - Datagram packet sent to UDP Listener
2022-01-13 09:35:25.600 [INFO] c.p.d.s.util.DeviceSimulator - Acknowledgement packet received
2022-01-13 09:35:25.600 [INFO] c.p.d.s.util.DeviceSimulator - Inside thread
2022-01-13 09:35:44.341 [INFO] c.p.d.simulator.ReportController - Packet received on Simultor
2022-01-13 09:35:44.346 [INFO] c.p.d.simulator.ReportController - Datagram packet sent to UDP Listener
2022-01-13 09:35:44.374 [INFO] c.p.d.s.util.DeviceSimulator - Acknowledgement packet received
2022-01-13 09:35:44.375 [INFO] c.p.d.s.util.DeviceSimulator - Inside thread
2022-01-13 09:35:49.524 [INFO] c.p.d.simulator.ReportController - Packet received on Simultor
2022-01-13 09:35:49.528 [INFO] c.p.d.simulator.ReportController - Datagram packet sent to UDP Listener
2022-01-13 09:35:49.555 [INFO] c.p.d.s.util.DeviceSimulator - Acknowledgement packet received
2022-01-13 09:35:49.555 [INFO] c.p.d.s.util.DeviceSimulator - Inside thread
