2022-06-27 19:06:34.584 [INFO] c.p.d.s.DeviceSimulatorServiceApplication - Starting DeviceSimulatorServiceApplication using Java 17.0.2 on DESKTOP-QMTFKBD with PID 9828 (D:\Exatip\pct-device-simulator-service\target\classes started by DeLL in D:\Exatip\pct-device-simulator-service)
2022-06-27 19:06:34.596 [DEBUG] c.p.d.s.DeviceSimulatorServiceApplication - Running with Spring Boot v2.5.4, Spring v5.3.9
2022-06-27 19:06:34.597 [INFO] c.p.d.s.DeviceSimulatorServiceApplication - No active profile set, falling back to default profiles: default
2022-06-27 19:06:36.170 [INFO] o.s.b.w.e.tomcat.TomcatWebServer - Tomcat initialized with port(s): 8082 (http)
2022-06-27 19:06:36.196 [INFO] o.a.coyote.http11.Http11NioProtocol - Initializing ProtocolHandler ["http-nio-8082"]
2022-06-27 19:06:36.197 [INFO] o.a.catalina.core.StandardService - Starting service [Tomcat]
2022-06-27 19:06:36.198 [INFO] o.a.catalina.core.StandardEngine - Starting Servlet engine: [Apache Tomcat/9.0.52]
2022-06-27 19:06:36.315 [INFO] o.a.c.c.C.[Tomcat].[localhost].[/] - Initializing Spring embedded WebApplicationContext
2022-06-27 19:06:36.315 [INFO] o.s.b.w.s.c.ServletWebServerApplicationContext - Root WebApplicationContext: initialization completed in 1653 ms
2022-06-27 19:06:36.473 [INFO] o.s.b.f.a.AutowiredAnnotationBeanPostProcessor - Autowired annotation is not supported on static fields: private static java.lang.String com.pct.device.simulator.SocketObject.serverIP
2022-06-27 19:06:36.474 [INFO] o.s.b.f.a.AutowiredAnnotationBeanPostProcessor - Autowired annotation is not supported on static fields: private static int com.pct.device.simulator.SocketObject.serverPort
2022-06-27 19:06:37.039 [INFO] o.a.coyote.http11.Http11NioProtocol - Starting ProtocolHandler ["http-nio-8082"]
2022-06-27 19:06:37.112 [INFO] o.s.b.w.e.tomcat.TomcatWebServer - Tomcat started on port(s): 8082 (http) with context path ''
2022-06-27 19:06:37.126 [INFO] c.p.d.s.DeviceSimulatorServiceApplication - Started DeviceSimulatorServiceApplication in 3.516 seconds (JVM running for 5.167)
2022-06-27 19:06:47.520 [INFO] c.p.d.s.util.DeviceSimulator - Inside thread
2022-06-27 19:07:15.339 [INFO] c.p.d.s.DeviceSimulatorServiceApplication - Starting DeviceSimulatorServiceApplication using Java 17.0.2 on DESKTOP-QMTFKBD with PID 26116 (D:\Exatip\pct-device-simulator-service\target\classes started by DeLL in D:\Exatip\pct-device-simulator-service)
2022-06-27 19:07:15.346 [DEBUG] c.p.d.s.DeviceSimulatorServiceApplication - Running with Spring Boot v2.5.4, Spring v5.3.9
2022-06-27 19:07:15.347 [INFO] c.p.d.s.DeviceSimulatorServiceApplication - No active profile set, falling back to default profiles: default
2022-06-27 19:07:16.574 [INFO] o.s.b.w.e.tomcat.TomcatWebServer - Tomcat initialized with port(s): 8082 (http)
2022-06-27 19:07:16.585 [INFO] o.a.coyote.http11.Http11NioProtocol - Initializing ProtocolHandler ["http-nio-8082"]
2022-06-27 19:07:16.586 [INFO] o.a.catalina.core.StandardService - Starting service [Tomcat]
2022-06-27 19:07:16.588 [INFO] o.a.catalina.core.StandardEngine - Starting Servlet engine: [Apache Tomcat/9.0.52]
2022-06-27 19:07:16.667 [INFO] o.a.c.c.C.[Tomcat].[localhost].[/] - Initializing Spring embedded WebApplicationContext
2022-06-27 19:07:16.668 [INFO] o.s.b.w.s.c.ServletWebServerApplicationContext - Root WebApplicationContext: initialization completed in 1253 ms
2022-06-27 19:07:16.812 [INFO] o.s.b.f.a.AutowiredAnnotationBeanPostProcessor - Autowired annotation is not supported on static fields: private static java.lang.String com.pct.device.simulator.SocketObject.serverIP
2022-06-27 19:07:16.812 [INFO] o.s.b.f.a.AutowiredAnnotationBeanPostProcessor - Autowired annotation is not supported on static fields: private static int com.pct.device.simulator.SocketObject.serverPort
2022-06-27 19:07:16.823 [INFO] c.p.d.s.util.DeviceSimulator - Inside thread
2022-06-27 19:07:17.272 [INFO] o.a.coyote.http11.Http11NioProtocol - Starting ProtocolHandler ["http-nio-8082"]
2022-06-27 19:07:17.323 [INFO] o.s.b.w.e.tomcat.TomcatWebServer - Tomcat started on port(s): 8082 (http) with context path ''
2022-06-27 19:07:17.334 [INFO] c.p.d.s.DeviceSimulatorServiceApplication - Started DeviceSimulatorServiceApplication in 2.617 seconds (JVM running for 3.791)
2022-06-27 19:12:01.691 [INFO] o.a.c.c.C.[Tomcat].[localhost].[/] - Initializing Spring DispatcherServlet 'dispatcherServlet'
2022-06-27 19:12:01.692 [INFO] o.s.web.servlet.DispatcherServlet - Initializing Servlet 'dispatcherServlet'
2022-06-27 19:12:01.695 [INFO] o.s.web.servlet.DispatcherServlet - Completed initialization in 2 ms
2022-06-27 19:12:11.091 [INFO] c.p.d.simulator.ReportController - Packet received on Simultor
2022-06-27 19:12:34.378 [INFO] c.p.d.simulator.ReportController - Datagram packet sent to UDP Listener
2022-06-27 19:13:45.795 [INFO] c.p.d.simulator.ReportController - Packet received on Simultor
2022-06-27 19:13:45.801 [INFO] c.p.d.simulator.ReportController - Datagram packet sent to UDP Listener
2022-06-27 19:22:54.679 [INFO] c.p.d.s.DeviceSimulatorServiceApplication - Starting DeviceSimulatorServiceApplication using Java 17.0.2 on DESKTOP-QMTFKBD with PID 21584 (D:\Exatip\pct-device-simulator-service\target\classes started by DeLL in D:\Exatip\pct-device-simulator-service)
2022-06-27 19:22:54.686 [DEBUG] c.p.d.s.DeviceSimulatorServiceApplication - Running with Spring Boot v2.5.4, Spring v5.3.9
2022-06-27 19:22:54.687 [INFO] c.p.d.s.DeviceSimulatorServiceApplication - No active profile set, falling back to default profiles: default
2022-06-27 19:22:55.852 [INFO] o.s.b.w.e.tomcat.TomcatWebServer - Tomcat initialized with port(s): 8082 (http)
2022-06-27 19:22:55.865 [INFO] o.a.coyote.http11.Http11NioProtocol - Initializing ProtocolHandler ["http-nio-8082"]
2022-06-27 19:22:55.867 [INFO] o.a.catalina.core.StandardService - Starting service [Tomcat]
2022-06-27 19:22:55.867 [INFO] o.a.catalina.core.StandardEngine - Starting Servlet engine: [Apache Tomcat/9.0.52]
2022-06-27 19:22:55.946 [INFO] o.a.c.c.C.[Tomcat].[localhost].[/] - Initializing Spring embedded WebApplicationContext
2022-06-27 19:22:55.947 [INFO] o.s.b.w.s.c.ServletWebServerApplicationContext - Root WebApplicationContext: initialization completed in 1197 ms
2022-06-27 19:22:56.095 [INFO] o.s.b.f.a.AutowiredAnnotationBeanPostProcessor - Autowired annotation is not supported on static fields: private static java.lang.String com.pct.device.simulator.SocketObject.serverIP
2022-06-27 19:22:56.095 [INFO] o.s.b.f.a.AutowiredAnnotationBeanPostProcessor - Autowired annotation is not supported on static fields: private static int com.pct.device.simulator.SocketObject.serverPort
2022-06-27 19:22:56.105 [INFO] c.p.d.s.util.DeviceSimulator - Inside thread
2022-06-27 19:22:56.527 [INFO] o.a.coyote.http11.Http11NioProtocol - Starting ProtocolHandler ["http-nio-8082"]
2022-06-27 19:22:56.574 [INFO] o.s.b.w.e.tomcat.TomcatWebServer - Tomcat started on port(s): 8082 (http) with context path ''
2022-06-27 19:22:56.588 [INFO] c.p.d.s.DeviceSimulatorServiceApplication - Started DeviceSimulatorServiceApplication in 2.508 seconds (JVM running for 3.708)
2022-06-27 19:23:31.511 [INFO] o.a.c.c.C.[Tomcat].[localhost].[/] - Initializing Spring DispatcherServlet 'dispatcherServlet'
2022-06-27 19:23:31.511 [INFO] o.s.web.servlet.DispatcherServlet - Initializing Servlet 'dispatcherServlet'
2022-06-27 19:23:31.513 [INFO] o.s.web.servlet.DispatcherServlet - Completed initialization in 1 ms
2022-06-27 19:23:31.562 [INFO] c.p.d.simulator.ReportController - Packet received on Simultor
2022-06-27 19:23:31.567 [INFO] c.p.d.simulator.ReportController - Datagram packet sent to UDP Listener
2022-06-27 19:29:31.958 [INFO] c.p.d.simulator.ReportController - Packet received on Simultor
2022-06-27 19:29:31.967 [INFO] c.p.d.simulator.ReportController - Datagram packet sent to UDP Listener
2022-06-27 19:29:32.054 [INFO] c.p.d.s.util.DeviceSimulator - Acknowledgement packet received
2022-06-27 19:29:39.282 [INFO] c.p.d.s.util.DeviceSimulator - Inside thread
2022-06-27 19:31:23.045 [INFO] c.p.d.simulator.ReportController - Packet received on Simultor
2022-06-27 19:31:23.049 [INFO] c.p.d.simulator.ReportController - Datagram packet sent to UDP Listener
2022-06-27 19:31:23.082 [INFO] c.p.d.s.util.DeviceSimulator - Acknowledgement packet received
2022-06-27 19:31:35.313 [INFO] c.p.d.s.util.DeviceSimulator - Inside thread
